<?xml version="1.0" encoding="UTF-8"?>
<testng-results skipped="0" failed="0" total="1" passed="1">
  <reporter-output>
  </reporter-output>
  <suite name="TestingBasics" duration-ms="31354" started-at="2013-07-22T04:02:10Z" finished-at="2013-07-22T04:02:41Z">
    <groups>
      <group name="all">
        <method signature="LoginPageTestSuite.enterAdminPageView()[pri:0, instance:ua.lviv.testers.testcase.testcategories.logintests.LoginPageTestSuite@37ef118a]" name="enterAdminPageView" class="ua.lviv.testers.testcase.testcategories.logintests.LoginPageTestSuite"/>
      </group> <!-- all -->
      <group name="groupLQAS">
        <method signature="LoginPageTestSuite.enterAdminPageView()[pri:0, instance:ua.lviv.testers.testcase.testcategories.logintests.LoginPageTestSuite@37ef118a]" name="enterAdminPageView" class="ua.lviv.testers.testcase.testcategories.logintests.LoginPageTestSuite"/>
      </group> <!-- groupLQAS -->
    </groups>
    <test name="TestLQAS" duration-ms="31354" started-at="2013-07-22T04:02:10Z" finished-at="2013-07-22T04:02:41Z">
      <class name="ua.lviv.testers.testcase.testcategories.logintests.LoginPageTestSuite">
        <test-method status="PASS" signature="init(java.lang.String)[pri:0, instance:ua.lviv.testers.testcase.testcategories.logintests.LoginPageTestSuite@37ef118a]" name="init" is-config="true" duration-ms="25718" started-at="2013-07-22T07:02:10Z" finished-at="2013-07-22T07:02:36Z">
          <params>
            <param index="0">
              <value>
                <![CDATA[chrome]]>
              </value>
            </param>
          </params>
          <reporter-output>
          </reporter-output>
        </test-method> <!-- init -->
        <test-method status="PASS" signature="testInit()[pri:0, instance:ua.lviv.testers.testcase.testcategories.logintests.LoginPageTestSuite@37ef118a]" name="testInit" is-config="true" duration-ms="0" started-at="2013-07-22T07:02:36Z" finished-at="2013-07-22T07:02:36Z">
          <reporter-output>
          </reporter-output>
        </test-method> <!-- testInit -->
        <test-method status="PASS" signature="enterAdminPageView()[pri:0, instance:ua.lviv.testers.testcase.testcategories.logintests.LoginPageTestSuite@37ef118a]" name="enterAdminPageView" duration-ms="3011" started-at="2013-07-22T07:02:36Z" finished-at="2013-07-22T07:02:39Z">
          <reporter-output>
          </reporter-output>
        </test-method> <!-- enterAdminPageView -->
        <test-method status="PASS" signature="afterClass()[pri:0, instance:ua.lviv.testers.testcase.testcategories.logintests.LoginPageTestSuite@37ef118a]" name="afterClass" is-config="true" duration-ms="0" started-at="2013-07-22T07:02:39Z" finished-at="2013-07-22T07:02:39Z">
          <reporter-output>
          </reporter-output>
        </test-method> <!-- afterClass -->
        <test-method status="PASS" signature="reopenApp()[pri:0, instance:ua.lviv.testers.testcase.testcategories.logintests.LoginPageTestSuite@37ef118a]" name="reopenApp" is-config="true" duration-ms="2562" started-at="2013-07-22T07:02:39Z" finished-at="2013-07-22T07:02:41Z">
          <reporter-output>
          </reporter-output>
        </test-method> <!-- reopenApp -->
      </class> <!-- ua.lviv.testers.testcase.testcategories.logintests.LoginPageTestSuite -->
    </test> <!-- TestLQAS -->
  </suite> <!-- TestingBasics -->
</testng-results>
